  file_utils.cpp
  open_gl_demo.cpp
  shader_program.cpp
  shader_util.cpp
  window_manager.cpp
  Generating Code...
LINK : warning LNK4098: defaultlib 'LIBCMT' conflicts with use of other libs; use /NODEFAULTLIB:library
LINK : warning LNK4286: symbol '___glewAttachShader' defined in 'glew32.lib(glew.obj)' is imported by 'shader_program.obj'
LINK : warning LNK4286: symbol '___glewCreateProgram' defined in 'glew32.lib(glew.obj)' is imported by 'shader_program.obj'
LINK : warning LNK4286: symbol '___glewDeleteProgram' defined in 'glew32.lib(glew.obj)' is imported by 'shader_program.obj'
LINK : warning LNK4286: symbol '___glewDeleteShader' defined in 'glew32.lib(glew.obj)' is imported by 'shader_program.obj'
LINK : warning LNK4286: symbol '___glewEnableVertexAttribArray' defined in 'glew32.lib(glew.obj)' is imported by 'shader_program.obj'
LINK : warning LNK4286: symbol '___glewGetAttribLocation' defined in 'glew32.lib(glew.obj)' is imported by 'shader_program.obj'
LINK : warning LNK4286: symbol '___glewLinkProgram' defined in 'glew32.lib(glew.obj)' is imported by 'shader_program.obj'
LINK : warning LNK4286: symbol '___glewUseProgram' defined in 'glew32.lib(glew.obj)' is imported by 'shader_program.obj'
LINK : warning LNK4286: symbol '___glewVertexAttribPointer' defined in 'glew32.lib(glew.obj)' is imported by 'shader_program.obj'
LINK : warning LNK4286: symbol '___glewBindFragDataLocation' defined in 'glew32.lib(glew.obj)' is imported by 'shader_program.obj'
LINK : warning LNK4286: symbol '___glewBindBuffer' defined in 'glew32.lib(glew.obj)' is imported by 'shader_util.obj'
LINK : warning LNK4286: symbol '___glewBufferData' defined in 'glew32.lib(glew.obj)' is imported by 'shader_util.obj'
LINK : warning LNK4286: symbol '___glewGenBuffers' defined in 'glew32.lib(glew.obj)' is imported by 'shader_util.obj'
LINK : warning LNK4286: symbol '___glewCompileShader' defined in 'glew32.lib(glew.obj)' is imported by 'shader_util.obj'
LINK : warning LNK4286: symbol '___glewCreateShader' defined in 'glew32.lib(glew.obj)' is imported by 'shader_util.obj'
LINK : warning LNK4286: symbol '___glewGetShaderInfoLog' defined in 'glew32.lib(glew.obj)' is imported by 'shader_util.obj'
LINK : warning LNK4286: symbol '___glewGetShaderiv' defined in 'glew32.lib(glew.obj)' is imported by 'shader_util.obj'
LINK : warning LNK4286: symbol '___glewShaderSource' defined in 'glew32.lib(glew.obj)' is imported by 'shader_util.obj'
LINK : warning LNK4286: symbol '___glewBindVertexArray' defined in 'glew32.lib(glew.obj)' is imported by 'shader_util.obj'
LINK : warning LNK4286: symbol '___glewGenVertexArrays' defined in 'glew32.lib(glew.obj)' is imported by 'shader_util.obj'
LINK : warning LNK4217: symbol '_glewInit@0' defined in 'glew32.lib(glew.obj)' is imported by 'window_manager.obj' in function '"public: int __thiscall WindowManager::initialize(char const *,int,int)" (?initialize@WindowManager@@QAEHPBDHH@Z)'
LINK : warning LNK4286: symbol '_glewExperimental' defined in 'glew32.lib(glew.obj)' is imported by 'window_manager.obj'
glew32.lib(glew.obj) : warning LNK4099: PDB 'vc120.pdb' was not found with 'glew32.lib(glew.obj)' or at 'C:\Users\Pablo\Desktop\Projects\Software\C++\graphics\openql_demo\Debug\vc120.pdb'; linking object as if no debug info
  open_gl_demo.vcxproj -> C:\Users\Pablo\Desktop\Projects\Software\C++\graphics\openql_demo\Debug\open_gl_demo.exe
